{"level":"info","message":"Attempting to connect to MongoDB...","timestamp":"2026-01-02 12:54:12"}
{"database":"test","host":"ac-m3u9wy9-shard-00-00.ncjtbsl.mongodb.net","level":"info","message":"MongoDB connected successfully","timestamp":"2026-01-02 12:54:14"}
{"environment":"development","level":"info","message":"Server is running on port 8080","port":"8080","timestamp":"2026-01-02 12:54:14"}
{"level":"info","message":"Environment: development","timestamp":"2026-01-02 12:54:14"}
{"level":"warn","message":"Route not found","method":"POST","timestamp":"2026-01-02 12:55:24","url":"/api/v1/auth/register"}
{"level":"http","message":"POST /api/v1/auth/register 404 45 - 5.303 ms","timestamp":"2026-01-02 12:55:24"}
{"email":"sarthi@example.com","level":"info","message":"Registration attempt started","role":"CUSTOMER","timestamp":"2026-01-02 12:57:06"}
{"email":"sarthi@example.com","level":"debug","message":"Hashing password for user","timestamp":"2026-01-02 12:57:07"}
{"email":"sarthi@example.com","level":"debug","message":"Creating user in database","role":"CUSTOMER","timestamp":"2026-01-02 12:57:07"}
{"email":"sarthi@example.com","level":"info","message":"User created successfully","role":"CUSTOMER","timestamp":"2026-01-02 12:57:07","userId":"6957734b5676543d400c70e6"}
{"level":"debug","message":"Generating tokens for user","timestamp":"2026-01-02 12:57:07","userId":"6957734b5676543d400c70e6"}
{"email":"sarthi@example.com","level":"info","message":"User registered and tokens generated","timestamp":"2026-01-02 12:57:07","userId":"6957734b5676543d400c70e6"}
{"level":"http","message":"POST /api/auth/register 201 823 - 1079.321 ms","timestamp":"2026-01-02 12:57:07"}
{"email":"sarthi@example.com","level":"info","message":"Registration attempt started","role":"CUSTOMER","timestamp":"2026-01-02 12:57:13"}
{"email":"sarthi@example.com","level":"warn","message":"Registration failed - Email already exists","timestamp":"2026-01-02 12:57:13"}
{"ip":"::1","level":"error","message":"409 - Email already registered","method":"POST","statusCode":409,"timestamp":"2026-01-02 12:57:13","url":"/api/auth/register","userAgent":"PostmanRuntime/7.51.0"}
{"level":"debug","message":"Error stack trace","stack":"Error: Email already registered\n    at file:///C:/Users/lucky/Desktop/BarberX/server/src/controller/auth.controller.js:88:15\n    at process.processTicksAndRejections (node:internal/process/task_queues:103:5)","timestamp":"2026-01-02 12:57:13"}
{"level":"http","message":"POST /api/auth/register 409 291 - 189.055 ms","timestamp":"2026-01-02 12:57:13"}
{"level":"info","message":"SIGINT signal received: closing HTTP server","timestamp":"2026-01-02 12:57:52"}
{"level":"info","message":"Attempting to connect to MongoDB...","timestamp":"2026-01-02 13:01:31"}
{"database":"test","host":"ac-m3u9wy9-shard-00-00.ncjtbsl.mongodb.net","level":"info","message":"MongoDB connected successfully","timestamp":"2026-01-02 13:01:33"}
{"environment":"development","level":"info","message":"Server is running on port 8080","port":"8080","timestamp":"2026-01-02 13:01:33"}
{"level":"info","message":"Environment: development","timestamp":"2026-01-02 13:01:33"}
{"level":"info","message":"SIGINT signal received: closing HTTP server","timestamp":"2026-01-02 13:01:35"}
